  autofit.c
  ftbase.c
  ftbbox.c
  ftbdf.c
  ftbitmap.c
  ftcid.c
  ftfstype.c
  ftgasp.c
  ftglyph.c
  ftgxval.c
  ftinit.c
  ftmm.c
  ftotval.c
  ftpatent.c
  ftpfr.c
  ftstroke.c
  fttype1.c
  ftsynth.c
  ftwinfnt.c
  bdf.c
  ftcache.c
  cff.c
  type1cid.c
  dlgwrap.c
  ftgzip.c
  ftlzw.c
  pcf.c
  pfr.c
  psaux.c
  pshinter.c
  psmodule.c
  raster.c
  sfnt.c
  smooth.c
C:\Users\Rowan\source\repos\CPSC585\585Game\libraries\freetype-2.12.1\src\psaux\t1decode.c(1996,27): warning C4267: '=': conversion from 'size_t' to 'FT_Int', possible loss of data (compiling source file ..\..\..\src\psaux\psaux.c)
  sdf.c
C:\Users\Rowan\source\repos\CPSC585\585Game\libraries\freetype-2.12.1\src\psaux\psintrp.c(1005,29): warning C4267: '=': conversion from 'size_t' to 'FT_Fast', possible loss of data (compiling source file ..\..\..\src\psaux\psaux.c)
C:\Users\Rowan\source\repos\CPSC585\585Game\libraries\freetype-2.12.1\src\sfnt\sfdriver.c(859,32): warning C4267: '=': conversion from 'size_t' to 'FT_UInt', possible loss of data (compiling source file ..\..\..\src\sfnt\sfnt.c)
C:\Users\Rowan\source\repos\CPSC585\585Game\libraries\freetype-2.12.1\src\sfnt\sfdriver.c(1011,44): warning C4244: 'function': conversion from '__int64' to 'const unsigned int', possible loss of data (compiling source file ..\..\..\src\sfnt\sfnt.c)
C:\Users\Rowan\source\repos\CPSC585\585Game\libraries\freetype-2.12.1\src\smooth\ftgrays.c(1980,26): warning C4267: '+=': conversion from 'size_t' to 'TCoord', possible loss of data (compiling source file ..\..\..\src\smooth\smooth.c)
  svg.c
  truetype.c
  type1.c
  type42.c
  winfnt.c
C:\Users\Rowan\source\repos\CPSC585\585Game\libraries\freetype-2.12.1\src\sdf\ftsdf.c(2528): warning C4701: potentially uninitialized local variable 'nearest_point' used
C:\Users\Rowan\source\repos\CPSC585\585Game\libraries\freetype-2.12.1\src\sdf\ftsdf.c(2854): warning C4701: potentially uninitialized local variable 'nearest_point' used
C:\Users\Rowan\source\repos\CPSC585\585Game\libraries\freetype-2.12.1\src\type1\t1driver.c(276,51): warning C4267: '=': conversion from 'size_t' to 'FT_ULong', possible loss of data (compiling source file ..\..\..\src\type1\type1.c)
C:\Users\Rowan\source\repos\CPSC585\585Game\libraries\freetype-2.12.1\src\type1\t1driver.c(297,58): warning C4267: '=': conversion from 'size_t' to 'FT_ULong', possible loss of data (compiling source file ..\..\..\src\type1\type1.c)
C:\Users\Rowan\source\repos\CPSC585\585Game\libraries\freetype-2.12.1\src\type1\t1driver.c(329,65): warning C4267: '=': conversion from 'size_t' to 'FT_ULong', possible loss of data (compiling source file ..\..\..\src\type1\type1.c)
C:\Users\Rowan\source\repos\CPSC585\585Game\libraries\freetype-2.12.1\src\type1\t1driver.c(359,23): warning C4267: '=': conversion from 'size_t' to 'FT_UInt', possible loss of data (compiling source file ..\..\..\src\type1\type1.c)
C:\Users\Rowan\source\repos\CPSC585\585Game\libraries\freetype-2.12.1\src\type1\t1driver.c(568,59): warning C4267: '=': conversion from 'size_t' to 'FT_ULong', possible loss of data (compiling source file ..\..\..\src\type1\type1.c)
C:\Users\Rowan\source\repos\CPSC585\585Game\libraries\freetype-2.12.1\src\type1\t1driver.c(577,58): warning C4267: '=': conversion from 'size_t' to 'FT_ULong', possible loss of data (compiling source file ..\..\..\src\type1\type1.c)
C:\Users\Rowan\source\repos\CPSC585\585Game\libraries\freetype-2.12.1\src\type1\t1driver.c(586,61): warning C4267: '=': conversion from 'size_t' to 'FT_ULong', possible loss of data (compiling source file ..\..\..\src\type1\type1.c)
C:\Users\Rowan\source\repos\CPSC585\585Game\libraries\freetype-2.12.1\src\type1\t1driver.c(595,63): warning C4267: '=': conversion from 'size_t' to 'FT_ULong', possible loss of data (compiling source file ..\..\..\src\type1\type1.c)
C:\Users\Rowan\source\repos\CPSC585\585Game\libraries\freetype-2.12.1\src\type1\t1driver.c(605,58): warning C4267: '=': conversion from 'size_t' to 'FT_ULong', possible loss of data (compiling source file ..\..\..\src\type1\type1.c)
C:\Users\Rowan\source\repos\CPSC585\585Game\libraries\freetype-2.12.1\src\type1\t1load.c(1771,68): warning C4244: '=': conversion from '__int64' to 'FT_Int', possible loss of data (compiling source file ..\..\..\src\type1\type1.c)
C:\Users\Rowan\source\repos\CPSC585\585Game\libraries\freetype-2.12.1\src\type1\t1load.c(1941,40): warning C4244: '=': conversion from '__int64' to 'FT_Int', possible loss of data (compiling source file ..\..\..\src\type1\type1.c)
C:\Users\Rowan\source\repos\CPSC585\585Game\libraries\freetype-2.12.1\src\type42\t42parse.c(870,66): warning C4244: '=': conversion from '__int64' to 'FT_Int', possible loss of data (compiling source file ..\..\..\src\type42\type42.c)
C:\Users\Rowan\source\repos\CPSC585\585Game\libraries\freetype-2.12.1\src\sfnt\ttsvg.c(272): warning C4701: potentially uninitialized local variable 'mid_doc' used
  ftdebug.c
  ftsystem.c
     Creating library ..\..\..\objs\x64\Release\freetype.lib and object ..\..\..\objs\x64\Release\freetype.exp
  freetype.vcxproj -> C:\Users\Rowan\source\repos\CPSC585\585Game\libraries\freetype-2.12.1\objs\x64\Release\freetype.dll
